[2019-05-09T13:00:51.337] [INFO] pinus - [chat-server-1 application.js] application inited: "chat-server-1"
[2019-05-09T13:00:51.348] [INFO] pinus - [chat-server-1 application.js] "chat-server-1" enter before start...
[2019-05-09T13:00:51.348] [INFO] pinus - [chat-server-1 application.js] "chat-server-1" enter after start...
[2019-05-09T13:00:51.360] [INFO] pinus-admin - [chat-server-1 consoleService.js] try to connect master: "chat", "127.0.0.1", 3005
[2019-05-09T13:00:51.415] [INFO] pinus - [chat-server-1 application.js] "chat-server-1" enter after start...
[2019-05-09T13:00:51.417] [INFO] pinus - [chat-server-1 application.js] "chat-server-1" finish start
[2019-05-09T13:00:51.417] [INFO] pinus - [chat-server-1 application.js] "chat-server-1" startup in 73 ms
[2019-05-09T13:05:01.855] [INFO] pinus - [chat-server-1 application.js] application inited: "chat-server-1"
[2019-05-09T13:05:01.866] [INFO] pinus - [chat-server-1 application.js] "chat-server-1" enter before start...
[2019-05-09T13:05:01.867] [INFO] pinus - [chat-server-1 application.js] "chat-server-1" enter after start...
[2019-05-09T13:05:01.883] [INFO] pinus-admin - [chat-server-1 consoleService.js] try to connect master: "chat", "127.0.0.1", 3005
[2019-05-09T13:05:01.957] [INFO] pinus - [chat-server-1 application.js] "chat-server-1" enter after start...
[2019-05-09T13:05:55.146] [INFO] pinus - [chat-server-1 application.js] application inited: "chat-server-1"
[2019-05-09T13:05:55.158] [INFO] pinus - [chat-server-1 application.js] "chat-server-1" enter before start...
[2019-05-09T13:05:55.159] [INFO] pinus - [chat-server-1 application.js] "chat-server-1" enter after start...
[2019-05-09T13:05:55.171] [INFO] pinus-admin - [chat-server-1 consoleService.js] try to connect master: "chat", "127.0.0.1", 3005
[2019-05-09T13:05:55.235] [INFO] pinus - [chat-server-1 application.js] "chat-server-1" enter after start...
[2019-05-09T13:05:55.237] [INFO] pinus - [chat-server-1 application.js] "chat-server-1" finish start
[2019-05-09T13:05:55.237] [INFO] pinus - [chat-server-1 application.js] "chat-server-1" startup in 82 ms
[2019-05-09T13:07:47.331] [INFO] pinus - [chat-server-1 application.js] application inited: "chat-server-1"
[2019-05-09T13:07:47.340] [INFO] pinus - [chat-server-1 application.js] "chat-server-1" enter before start...
[2019-05-09T13:07:47.341] [INFO] pinus - [chat-server-1 application.js] "chat-server-1" enter after start...
[2019-05-09T13:07:47.357] [INFO] pinus-admin - [chat-server-1 consoleService.js] try to connect master: "chat", "127.0.0.1", 3005
[2019-05-09T13:07:47.425] [INFO] pinus - [chat-server-1 application.js] "chat-server-1" enter after start...
[2019-05-09T13:07:47.427] [INFO] pinus - [chat-server-1 application.js] "chat-server-1" finish start
[2019-05-09T13:07:47.427] [INFO] pinus - [chat-server-1 application.js] "chat-server-1" startup in 90 ms
